<?xml version="1.0" encoding="UTF-8"?>
<robot generator="Robot 6.1.1 (Python 3.11.4 on win32)" generated="20231029 20:00:05.892" rpa="false" schemaversion="4">
<suite id="s1" name="Criar Matricula" source="C:\Users\devec\OneDrive\Área de Trabalho\Robot Cosmos\criar_matricula.robot">
<test id="s1-t1" name="Cenario 01: Fazer login Cosmos" line="138">
<kw name="Dado que acesso a pagina do Cosmos">
<kw name="Open Browser" library="SeleniumLibrary">
<arg>${URL}</arg>
<arg>${BROWSER}</arg>
<doc>Opens a new browser instance to the optional ``url``.</doc>
<msg timestamp="20231029 20:00:06.014" level="INFO">Opening browser 'chrome' to base url 'https://kroton.platosedu.io/erp/login/auth'.</msg>
<status status="PASS" starttime="20231029 20:00:06.014" endtime="20231029 20:00:08.683"/>
</kw>
<kw name="Maximize Browser Window" library="SeleniumLibrary">
<doc>Maximizes current browser window.</doc>
<status status="PASS" starttime="20231029 20:00:08.683" endtime="20231029 20:00:08.796"/>
</kw>
<status status="PASS" starttime="20231029 20:00:06.014" endtime="20231029 20:00:08.796"/>
</kw>
<kw name="E preencho senha e login">
<kw name="Input Text" library="SeleniumLibrary">
<arg>${LOGIN.USUARIO_INPUT}</arg>
<arg>${USUARIO_INPUT}</arg>
<doc>Types the given ``text`` into the text field identified by ``locator``.</doc>
<msg timestamp="20231029 20:00:08.796" level="INFO">Typing text 'tamires.medeiros' into text field '//input[@type='text']'.</msg>
<status status="PASS" starttime="20231029 20:00:08.796" endtime="20231029 20:00:08.856"/>
</kw>
<kw name="Input Text" library="SeleniumLibrary">
<arg>${LOGIN.SENHA_INPUT}</arg>
<arg>${SENHA_INPUT}</arg>
<doc>Types the given ``text`` into the text field identified by ``locator``.</doc>
<msg timestamp="20231029 20:00:08.856" level="INFO">Typing text '123456' into text field '//input[@type='password']'.</msg>
<status status="PASS" starttime="20231029 20:00:08.856" endtime="20231029 20:00:08.894"/>
</kw>
<status status="PASS" starttime="20231029 20:00:08.796" endtime="20231029 20:00:08.894"/>
</kw>
<kw name="Quando clico no botao entrar">
<kw name="Click Element" library="SeleniumLibrary">
<arg>${LOGIN.ENTRAR_BUTTON}</arg>
<doc>Click the element identified by ``locator``.</doc>
<msg timestamp="20231029 20:00:08.894" level="INFO">Clicking element '//button[@type='submit']'.</msg>
<status status="PASS" starttime="20231029 20:00:08.894" endtime="20231029 20:00:10.072"/>
</kw>
<status status="PASS" starttime="20231029 20:00:08.894" endtime="20231029 20:00:10.072"/>
</kw>
<tag>regressivo</tag>
<status status="PASS" starttime="20231029 20:00:06.014" endtime="20231029 20:00:10.072"/>
</test>
<test id="s1-t2" name="Cenario 02: Criar Oferta" line="145">
<kw name="Dado que clico no botão nav-bar">
<kw name="Wait Until Element Is Visible" library="SeleniumLibrary">
<arg>${MENU.CLICK_BUTTON}</arg>
<doc>Waits until the element ``locator`` is visible.</doc>
<status status="PASS" starttime="20231029 20:00:10.074" endtime="20231029 20:00:10.084"/>
</kw>
<kw name="Click Element" library="SeleniumLibrary">
<arg>${MENU.CLICK_BUTTON}</arg>
<doc>Click the element identified by ``locator``.</doc>
<msg timestamp="20231029 20:00:10.084" level="INFO">Clicking element 'id:nav-icon'.</msg>
<status status="PASS" starttime="20231029 20:00:10.084" endtime="20231029 20:00:10.118"/>
</kw>
<status status="PASS" starttime="20231029 20:00:10.074" endtime="20231029 20:00:10.118"/>
</kw>
<kw name="E clico no link comercial">
<kw name="Wait Until Element Is Visible" library="SeleniumLibrary">
<arg>${MENU_COMERCIAL.CLICK_BUTTON}</arg>
<doc>Waits until the element ``locator`` is visible.</doc>
<status status="PASS" starttime="20231029 20:00:10.119" endtime="20231029 20:00:10.135"/>
</kw>
<kw name="Click Element" library="SeleniumLibrary">
<arg>${MENU_COMERCIAL.CLICK_BUTTON}</arg>
<doc>Click the element identified by ``locator``.</doc>
<msg timestamp="20231029 20:00:10.136" level="INFO">Clicking element '//a[contains(@class,'main-nav-link main-nav-section section-comercial')]'.</msg>
<status status="PASS" starttime="20231029 20:00:10.136" endtime="20231029 20:00:10.162"/>
</kw>
<status status="PASS" starttime="20231029 20:00:10.119" endtime="20231029 20:00:10.162"/>
</kw>
<kw name="E clico no link oferta">
<kw name="Wait Until Element Is Visible" library="SeleniumLibrary">
<arg>${MENU_OFERTA.CLICK_BUTTON}</arg>
<doc>Waits until the element ``locator`` is visible.</doc>
<status status="PASS" starttime="20231029 20:00:10.162" endtime="20231029 20:00:10.388"/>
</kw>
<kw name="Click Element" library="SeleniumLibrary">
<arg>${MENU_OFERTA.CLICK_BUTTON}</arg>
<doc>Click the element identified by ``locator``.</doc>
<msg timestamp="20231029 20:00:10.389" level="INFO">Clicking element '//a[@href='/erp/oferta/index'][contains(.,'Oferta')]'.</msg>
<status status="PASS" starttime="20231029 20:00:10.388" endtime="20231029 20:00:11.058"/>
</kw>
<status status="PASS" starttime="20231029 20:00:10.162" endtime="20231029 20:00:11.058"/>
</kw>
<kw name="Quando clico no botão criar oferta">
<kw name="Wait Until Element Is Visible" library="SeleniumLibrary">
<arg>${CRIAR_OFERTA.CLICK_BUTTON}</arg>
<doc>Waits until the element ``locator`` is visible.</doc>
<status status="PASS" starttime="20231029 20:00:11.058" endtime="20231029 20:00:11.076"/>
</kw>
<kw name="Click Element" library="SeleniumLibrary">
<arg>${CRIAR_OFERTA.CLICK_BUTTON}</arg>
<doc>Click the element identified by ``locator``.</doc>
<msg timestamp="20231029 20:00:11.077" level="INFO">Clicking element '//a[contains(@title,'Criar')]'.</msg>
<status status="PASS" starttime="20231029 20:00:11.076" endtime="20231029 20:00:11.543"/>
</kw>
<status status="PASS" starttime="20231029 20:00:11.058" endtime="20231029 20:00:11.543"/>
</kw>
<tag>oferta</tag>
<status status="PASS" starttime="20231029 20:00:10.073" endtime="20231029 20:00:11.544"/>
</test>
<test id="s1-t3" name="Cenario 03: Preencher campos do formulário" line="153">
<kw name="Dado que preencho o campo matriz">
<kw name="Wait Until Element Is Visible" library="SeleniumLibrary">
<arg>${FORMULARIO_MATRIZ.CURSO_SELECTED}</arg>
<doc>Waits until the element ``locator`` is visible.</doc>
<status status="PASS" starttime="20231029 20:00:11.545" endtime="20231029 20:00:11.545"/>
</kw>
<kw name="Click Element" library="SeleniumLibrary">
<arg>${FORMULARIO_MATRIZ.CURSO_SELECTED}</arg>
<doc>Click the element identified by ``locator``.</doc>
<msg timestamp="20231029 20:00:11.560" level="INFO">Clicking element 'id:matriz.id-selectized'.</msg>
<status status="PASS" starttime="20231029 20:00:11.545" endtime="20231029 20:00:11.598"/>
</kw>
<kw name="Input Text" library="SeleniumLibrary">
<arg>${FORMULARIO_MATRIZ.CURSO_SELECTED}</arg>
<arg>text=Curso Teste Automatizado</arg>
<doc>Types the given ``text`` into the text field identified by ``locator``.</doc>
<msg timestamp="20231029 20:00:11.598" level="INFO">Typing text 'Curso Teste Automatizado' into text field 'id:matriz.id-selectized'.</msg>
<status status="PASS" starttime="20231029 20:00:11.598" endtime="20231029 20:00:11.679"/>
</kw>
<status status="PASS" starttime="20231029 20:00:11.545" endtime="20231029 20:00:11.679"/>
</kw>
<kw name="E preencho o campo tipo oferta">
<kw name="Wait Until Element Is Visible" library="SeleniumLibrary">
<arg>${FORMULARIO.TIPO_OFERTA_SELECTED}</arg>
<doc>Waits until the element ``locator`` is visible.</doc>
<status status="PASS" starttime="20231029 20:00:11.679" endtime="20231029 20:00:11.696"/>
</kw>
<kw name="Scroll Element Into View" library="SeleniumLibrary">
<arg>${FORMULARIO.TIPO_OFERTA_SELECTED}</arg>
<doc>Scrolls the element identified by ``locator`` into view.</doc>
<status status="PASS" starttime="20231029 20:00:11.696" endtime="20231029 20:00:11.963"/>
</kw>
<kw name="Input Text" library="SeleniumLibrary">
<arg>locator=//*[@id="marca-selectized"]</arg>
<arg>text=100% Online</arg>
<doc>Types the given ``text`` into the text field identified by ``locator``.</doc>
<msg timestamp="20231029 20:00:11.963" level="INFO">Typing text '100% Online' into text field '//*[@id="marca-selectized"]'.</msg>
<status status="PASS" starttime="20231029 20:00:11.963" endtime="20231029 20:00:12.054"/>
</kw>
<kw name="Click Element" library="SeleniumLibrary">
<arg>locator=//*[@id="marca-selectized"]</arg>
<doc>Click the element identified by ``locator``.</doc>
<msg timestamp="20231029 20:00:12.055" level="INFO">Clicking element '//*[@id="marca-selectized"]'.</msg>
<status status="PASS" starttime="20231029 20:00:12.055" endtime="20231029 20:00:12.076"/>
</kw>
<status status="PASS" starttime="20231029 20:00:11.679" endtime="20231029 20:00:12.076"/>
</kw>
<kw name="E preencho o campo marca">
<kw name="Wait Until Element Is Visible" library="SeleniumLibrary">
<arg>locator=//*[@id="marca-selectized"]</arg>
<doc>Waits until the element ``locator`` is visible.</doc>
<status status="PASS" starttime="20231029 20:00:12.076" endtime="20231029 20:00:12.097"/>
</kw>
<kw name="Input Text" library="SeleniumLibrary">
<arg>locator=//*[@id="marca-selectized"]</arg>
<arg>text=AC Camargo</arg>
<doc>Types the given ``text`` into the text field identified by ``locator``.</doc>
<msg timestamp="20231029 20:00:12.097" level="INFO">Typing text 'AC Camargo' into text field '//*[@id="marca-selectized"]'.</msg>
<status status="PASS" starttime="20231029 20:00:12.097" endtime="20231029 20:00:12.164"/>
</kw>
<kw name="Click Element" library="SeleniumLibrary">
<arg>locator=//*[@id="marca-selectized"]</arg>
<doc>Click the element identified by ``locator``.</doc>
<msg timestamp="20231029 20:00:12.164" level="INFO">Clicking element '//*[@id="marca-selectized"]'.</msg>
<status status="PASS" starttime="20231029 20:00:12.164" endtime="20231029 20:00:12.187"/>
</kw>
<status status="PASS" starttime="20231029 20:00:12.076" endtime="20231029 20:00:12.187"/>
</kw>
<kw name="E preencho o campo marca certificação">
<kw name="Wait Until Element Is Visible" library="SeleniumLibrary">
<arg>locator=marcaCertificacao-selectized</arg>
<doc>Waits until the element ``locator`` is visible.</doc>
<status status="PASS" starttime="20231029 20:00:12.188" endtime="20231029 20:00:12.200"/>
</kw>
<kw name="Click Element" library="SeleniumLibrary">
<arg>locator=marcaCertificacao-selectized</arg>
<doc>Click the element identified by ``locator``.</doc>
<msg timestamp="20231029 20:00:12.201" level="INFO">Clicking element 'marcaCertificacao-selectized'.</msg>
<status status="PASS" starttime="20231029 20:00:12.200" endtime="20231029 20:00:12.231"/>
</kw>
<kw name="Input Text" library="SeleniumLibrary">
<arg>locator=marcaCertificacao-selectized</arg>
<arg>text=Anhanguera</arg>
<doc>Types the given ``text`` into the text field identified by ``locator``.</doc>
<msg timestamp="20231029 20:00:12.231" level="INFO">Typing text 'Anhanguera' into text field 'marcaCertificacao-selectized'.</msg>
<status status="PASS" starttime="20231029 20:00:12.231" endtime="20231029 20:00:12.279"/>
</kw>
<status status="PASS" starttime="20231029 20:00:12.188" endtime="20231029 20:00:12.279"/>
</kw>
<kw name="E preencho o campo tipo de conceito">
<kw name="Wait Until Element Is Visible" library="SeleniumLibrary">
<arg>locator=tipoConceito-selectized</arg>
<doc>Waits until the element ``locator`` is visible.</doc>
<status status="PASS" starttime="20231029 20:00:12.280" endtime="20231029 20:00:12.291"/>
</kw>
<kw name="Click Element" library="SeleniumLibrary">
<arg>locator=tipoConceito-selectized</arg>
<doc>Click the element identified by ``locator``.</doc>
<msg timestamp="20231029 20:00:12.291" level="INFO">Clicking element 'tipoConceito-selectized'.</msg>
<status status="PASS" starttime="20231029 20:00:12.291" endtime="20231029 20:00:12.519"/>
</kw>
<kw name="Input Text" library="SeleniumLibrary">
<arg>locator=tipoConceito-selectized</arg>
<arg>text=De 0 à 100</arg>
<doc>Types the given ``text`` into the text field identified by ``locator``.</doc>
<msg timestamp="20231029 20:00:12.519" level="INFO">Typing text 'De 0 à 100' into text field 'tipoConceito-selectized'.</msg>
<status status="PASS" starttime="20231029 20:00:12.519" endtime="20231029 20:00:12.567"/>
</kw>
<status status="PASS" starttime="20231029 20:00:12.280" endtime="20231029 20:00:12.567"/>
</kw>
<kw name="E preencho o campo inicio">
<kw name="Wait Until Element Is Visible" library="SeleniumLibrary">
<arg>locator=confInicio</arg>
<doc>Waits until the element ``locator`` is visible.</doc>
<status status="PASS" starttime="20231029 20:00:12.567" endtime="20231029 20:00:12.579"/>
</kw>
<kw name="Click Element" library="SeleniumLibrary">
<arg>locator=confInicio</arg>
<doc>Click the element identified by ``locator``.</doc>
<msg timestamp="20231029 20:00:12.580" level="INFO">Clicking element 'confInicio'.</msg>
<status status="PASS" starttime="20231029 20:00:12.579" endtime="20231029 20:00:12.609"/>
</kw>
<kw name="Input Text" library="SeleniumLibrary">
<arg>locator=confInicio</arg>
<arg>text=000</arg>
<doc>Types the given ``text`` into the text field identified by ``locator``.</doc>
<msg timestamp="20231029 20:00:12.609" level="INFO">Typing text '000' into text field 'confInicio'.</msg>
<status status="PASS" starttime="20231029 20:00:12.609" endtime="20231029 20:00:12.628"/>
</kw>
<status status="PASS" starttime="20231029 20:00:12.567" endtime="20231029 20:00:12.628"/>
</kw>
<kw name="E preencho o campo fim">
<kw name="Wait Until Element Is Visible" library="SeleniumLibrary">
<arg>locator=//input[contains(@name,'confFim')]</arg>
<doc>Waits until the element ``locator`` is visible.</doc>
<status status="PASS" starttime="20231029 20:00:12.628" endtime="20231029 20:00:12.653"/>
</kw>
<kw name="Click Element" library="SeleniumLibrary">
<arg>locator=//input[contains(@name,'confFim')]</arg>
<doc>Click the element identified by ``locator``.</doc>
<msg timestamp="20231029 20:00:12.653" level="INFO">Clicking element '//input[contains(@name,'confFim')]'.</msg>
<status status="PASS" starttime="20231029 20:00:12.653" endtime="20231029 20:00:12.679"/>
</kw>
<kw name="Input Text" library="SeleniumLibrary">
<arg>locator=//input[contains(@name,'confFim')]</arg>
<arg>text=000</arg>
<doc>Types the given ``text`` into the text field identified by ``locator``.</doc>
<msg timestamp="20231029 20:00:12.679" level="INFO">Typing text '000' into text field '//input[contains(@name,'confFim')]'.</msg>
<status status="PASS" starttime="20231029 20:00:12.679" endtime="20231029 20:00:12.711"/>
</kw>
<status status="PASS" starttime="20231029 20:00:12.628" endtime="20231029 20:00:12.711"/>
</kw>
<kw name="E preencho o campo degustação">
<kw name="Wait Until Element Is Visible" library="SeleniumLibrary">
<arg>locator=//input[contains(@placeholder,'Possui Degustação')]</arg>
<doc>Waits until the element ``locator`` is visible.</doc>
<status status="PASS" starttime="20231029 20:00:12.711" endtime="20231029 20:00:12.711"/>
</kw>
<kw name="Click Element" library="SeleniumLibrary">
<arg>locator=//input[contains(@placeholder,'Possui Degustação')]</arg>
<doc>Click the element identified by ``locator``.</doc>
<msg timestamp="20231029 20:00:12.711" level="INFO">Clicking element '//input[contains(@placeholder,'Possui Degustação')]'.</msg>
<status status="PASS" starttime="20231029 20:00:12.711" endtime="20231029 20:00:12.745"/>
</kw>
<kw name="Input Text" library="SeleniumLibrary">
<arg>locator=//input[contains(@placeholder,'Possui Degustação')]</arg>
<arg>text=Sim</arg>
<doc>Types the given ``text`` into the text field identified by ``locator``.</doc>
<msg timestamp="20231029 20:00:12.745" level="INFO">Typing text 'Sim' into text field '//input[contains(@placeholder,'Possui Degustação')]'.</msg>
<status status="PASS" starttime="20231029 20:00:12.745" endtime="20231029 20:00:12.778"/>
</kw>
<status status="PASS" starttime="20231029 20:00:12.711" endtime="20231029 20:00:12.778"/>
</kw>
<kw name="E preencho o campo portal pós">
<kw name="Wait Until Element Is Visible" library="SeleniumLibrary">
<arg>locator=//input[contains(@placeholder,'Portal Pós')]</arg>
<doc>Waits until the element ``locator`` is visible.</doc>
<status status="PASS" starttime="20231029 20:00:12.778" endtime="20231029 20:00:12.802"/>
</kw>
<kw name="Input Text" library="SeleniumLibrary">
<arg>locator=//input[contains(@placeholder,'Portal Pós')]</arg>
<arg>text=Sim</arg>
<doc>Types the given ``text`` into the text field identified by ``locator``.</doc>
<msg timestamp="20231029 20:00:12.803" level="INFO">Typing text 'Sim' into text field '//input[contains(@placeholder,'Portal Pós')]'.</msg>
<status status="PASS" starttime="20231029 20:00:12.802" endtime="20231029 20:00:12.846"/>
</kw>
<kw name="Click Element" library="SeleniumLibrary">
<arg>locator=//input[contains(@placeholder,'Portal Pós')]</arg>
<doc>Click the element identified by ``locator``.</doc>
<msg timestamp="20231029 20:00:12.846" level="INFO">Clicking element '//input[contains(@placeholder,'Portal Pós')]'.</msg>
<status status="PASS" starttime="20231029 20:00:12.846" endtime="20231029 20:00:12.877"/>
</kw>
<status status="PASS" starttime="20231029 20:00:12.778" endtime="20231029 20:00:12.877"/>
</kw>
<kw name="E preencho o campo produto%">
<kw name="Wait Until Element Is Visible" library="SeleniumLibrary">
<arg>locator=alavancaProduto</arg>
<doc>Waits until the element ``locator`` is visible.</doc>
<status status="PASS" starttime="20231029 20:00:12.878" endtime="20231029 20:00:12.890"/>
</kw>
<kw name="Click Element" library="SeleniumLibrary">
<arg>locator=alavancaProduto</arg>
<doc>Click the element identified by ``locator``.</doc>
<msg timestamp="20231029 20:00:12.890" level="INFO">Clicking element 'alavancaProduto'.</msg>
<status status="PASS" starttime="20231029 20:00:12.890" endtime="20231029 20:00:12.911"/>
</kw>
<kw name="Input Text" library="SeleniumLibrary">
<arg>locator=alavancaProduto</arg>
<arg>text=000</arg>
<doc>Types the given ``text`` into the text field identified by ``locator``.</doc>
<msg timestamp="20231029 20:00:12.911" level="INFO">Typing text '000' into text field 'alavancaProduto'.</msg>
<status status="PASS" starttime="20231029 20:00:12.911" endtime="20231029 20:00:12.945"/>
</kw>
<status status="PASS" starttime="20231029 20:00:12.877" endtime="20231029 20:00:12.945"/>
</kw>
<kw name="E preencho o campo serviço%">
<kw name="Wait Until Element Is Visible" library="SeleniumLibrary">
<arg>locator=//input[contains(@name,'alavancaServico')]</arg>
<doc>Waits until the element ``locator`` is visible.</doc>
<status status="PASS" starttime="20231029 20:00:12.945" endtime="20231029 20:00:12.967"/>
</kw>
<kw name="Click Element" library="SeleniumLibrary">
<arg>locator=//input[contains(@name,'alavancaServico')]</arg>
<doc>Click the element identified by ``locator``.</doc>
<msg timestamp="20231029 20:00:12.968" level="INFO">Clicking element '//input[contains(@name,'alavancaServico')]'.</msg>
<status status="PASS" starttime="20231029 20:00:12.967" endtime="20231029 20:00:12.979"/>
</kw>
<kw name="Input Text" library="SeleniumLibrary">
<arg>locator=//input[contains(@name,'alavancaServico')]</arg>
<arg>text=bbb</arg>
<doc>Types the given ``text`` into the text field identified by ``locator``.</doc>
<msg timestamp="20231029 20:00:12.979" level="INFO">Typing text 'bbb' into text field '//input[contains(@name,'alavancaServico')]'.</msg>
<status status="PASS" starttime="20231029 20:00:12.979" endtime="20231029 20:00:13.011"/>
</kw>
<status status="PASS" starttime="20231029 20:00:12.945" endtime="20231029 20:00:13.011"/>
</kw>
<kw name="E preencho o campo data inicial">
<kw name="Wait Until Element Is Visible" library="SeleniumLibrary">
<arg>locator=alavancaDataInicio</arg>
<doc>Waits until the element ``locator`` is visible.</doc>
<status status="PASS" starttime="20231029 20:00:13.011" endtime="20231029 20:00:13.028"/>
</kw>
<kw name="Click Element" library="SeleniumLibrary">
<arg>locator=alavancaDataInicio</arg>
<doc>Click the element identified by ``locator``.</doc>
<msg timestamp="20231029 20:00:13.028" level="INFO">Clicking element 'alavancaDataInicio'.</msg>
<status status="PASS" starttime="20231029 20:00:13.028" endtime="20231029 20:00:13.062"/>
</kw>
<kw name="Input Text" library="SeleniumLibrary">
<arg>locator=alavancaDataInicio</arg>
<arg>text=29102023</arg>
<doc>Types the given ``text`` into the text field identified by ``locator``.</doc>
<msg timestamp="20231029 20:00:13.062" level="INFO">Typing text '29102023' into text field 'alavancaDataInicio'.</msg>
<status status="PASS" starttime="20231029 20:00:13.062" endtime="20231029 20:00:13.096"/>
</kw>
<status status="PASS" starttime="20231029 20:00:13.011" endtime="20231029 20:00:13.096"/>
</kw>
<kw name="Quando clico em salvar">
<kw name="Click Element" library="SeleniumLibrary">
<arg>locator=//button[contains(.,'Salvar')]</arg>
<doc>Click the element identified by ``locator``.</doc>
<msg timestamp="20231029 20:00:13.096" level="INFO">Clicking element '//button[contains(.,'Salvar')]'.</msg>
<status status="PASS" starttime="20231029 20:00:13.096" endtime="20231029 20:00:13.131"/>
</kw>
<status status="PASS" starttime="20231029 20:00:13.096" endtime="20231029 20:00:13.131"/>
</kw>
<kw name="Então verifico se foi salvo minhas informações corretamente">
<kw name="Title Should Be" library="SeleniumLibrary">
<arg>title=Cosmos · Criar Oferta</arg>
<doc>Verifies that the current page title equals ``title``.</doc>
<msg timestamp="20231029 20:00:13.132" level="INFO">Page title is 'Cosmos · Criar Oferta'.</msg>
<status status="PASS" starttime="20231029 20:00:13.131" endtime="20231029 20:00:13.132"/>
</kw>
<status status="PASS" starttime="20231029 20:00:13.131" endtime="20231029 20:00:13.132"/>
</kw>
<tag>formulario</tag>
<status status="PASS" starttime="20231029 20:00:11.545" endtime="20231029 20:00:13.132"/>
</test>
<status status="PASS" starttime="20231029 20:00:05.892" endtime="20231029 20:00:13.132"/>
</suite>
<statistics>
<total>
<stat pass="3" fail="0" skip="0">All Tests</stat>
</total>
<tag>
<stat pass="1" fail="0" skip="0">formulario</stat>
<stat pass="1" fail="0" skip="0">oferta</stat>
<stat pass="1" fail="0" skip="0">regressivo</stat>
</tag>
<suite>
<stat pass="3" fail="0" skip="0" id="s1" name="Criar Matricula">Criar Matricula</stat>
</suite>
</statistics>
<errors>
</errors>
</robot>
